<?xml version="1.0" encoding="UTF-8"?>
<testng-results skipped="0" failed="0" total="6" passed="6">
  <reporter-output>
  </reporter-output>
  <suite name="Default suite" duration-ms="130" started-at="2014-06-16T05:15:02Z" finished-at="2014-06-16T05:15:02Z">
    <groups>
    </groups>
    <test name="Default test" duration-ms="130" started-at="2014-06-16T05:15:02Z" finished-at="2014-06-16T05:15:02Z">
      <class name="tubesRkppl.testNG.KelasC">
        <test-method status="PASS" signature="beforeTest()[pri:0, instance:tubesRkppl.testNG.KelasC@109310d2]" name="beforeTest" is-config="true" duration-ms="29" started-at="2014-06-16T12:15:02Z" finished-at="2014-06-16T12:15:02Z">
          <reporter-output>
          </reporter-output>
        </test-method> <!-- beforeTest -->
        <test-method status="PASS" signature="test1()[pri:0, instance:tubesRkppl.testNG.KelasC@109310d2]" name="test1" duration-ms="30" started-at="2014-06-16T12:15:02Z" finished-at="2014-06-16T12:15:02Z">
          <reporter-output>
          </reporter-output>
        </test-method> <!-- test1 -->
        <test-method status="PASS" signature="test2()[pri:0, instance:tubesRkppl.testNG.KelasC@109310d2]" name="test2" duration-ms="2" started-at="2014-06-16T12:15:02Z" finished-at="2014-06-16T12:15:02Z">
          <reporter-output>
          </reporter-output>
        </test-method> <!-- test2 -->
        <test-method status="PASS" signature="test3()[pri:0, instance:tubesRkppl.testNG.KelasC@109310d2]" name="test3" duration-ms="3" started-at="2014-06-16T12:15:02Z" finished-at="2014-06-16T12:15:02Z">
          <reporter-output>
          </reporter-output>
        </test-method> <!-- test3 -->
        <test-method status="PASS" signature="test4()[pri:0, instance:tubesRkppl.testNG.KelasC@109310d2]" name="test4" duration-ms="2" started-at="2014-06-16T12:15:02Z" finished-at="2014-06-16T12:15:02Z">
          <reporter-output>
          </reporter-output>
        </test-method> <!-- test4 -->
        <test-method status="PASS" signature="test5()[pri:0, instance:tubesRkppl.testNG.KelasC@109310d2]" name="test5" duration-ms="3" started-at="2014-06-16T12:15:02Z" finished-at="2014-06-16T12:15:02Z">
          <reporter-output>
          </reporter-output>
        </test-method> <!-- test5 -->
        <test-method status="PASS" signature="test6()[pri:0, instance:tubesRkppl.testNG.KelasC@109310d2]" name="test6" duration-ms="3" started-at="2014-06-16T12:15:02Z" finished-at="2014-06-16T12:15:02Z">
          <reporter-output>
          </reporter-output>
        </test-method> <!-- test6 -->
        <test-method status="PASS" signature="afterTest()[pri:0, instance:tubesRkppl.testNG.KelasC@109310d2]" name="afterTest" is-config="true" duration-ms="1" started-at="2014-06-16T12:15:02Z" finished-at="2014-06-16T12:15:02Z">
          <reporter-output>
          </reporter-output>
        </test-method> <!-- afterTest -->
      </class> <!-- tubesRkppl.testNG.KelasC -->
    </test> <!-- Default test -->
  </suite> <!-- Default suite -->
</testng-results>
