<?xml version="1.0" encoding="UTF-8"?>
<testng-results skipped="0" failed="0" total="2" passed="2">
  <reporter-output>
  </reporter-output>
  <suite name="Default suite" duration-ms="109" started-at="2014-06-13T06:09:15Z" finished-at="2014-06-13T06:09:15Z">
    <groups>
    </groups>
    <test name="Default test" duration-ms="109" started-at="2014-06-13T06:09:15Z" finished-at="2014-06-13T06:09:15Z">
      <class name="tubesRkppl.testNG.KelasA">
        <test-method status="PASS" signature="beforeTest()[pri:0, instance:tubesRkppl.testNG.KelasA@7535942c]" name="beforeTest" is-config="true" duration-ms="30" started-at="2014-06-13T13:09:15Z" finished-at="2014-06-13T13:09:15Z">
          <reporter-output>
          </reporter-output>
        </test-method> <!-- beforeTest -->
        <test-method status="PASS" signature="test1()[pri:0, instance:tubesRkppl.testNG.KelasA@7535942c]" name="test1" duration-ms="31" started-at="2014-06-13T13:09:15Z" finished-at="2014-06-13T13:09:15Z">
          <reporter-output>
          </reporter-output>
        </test-method> <!-- test1 -->
        <test-method status="PASS" signature="test2()[pri:0, instance:tubesRkppl.testNG.KelasA@7535942c]" name="test2" duration-ms="3" started-at="2014-06-13T13:09:15Z" finished-at="2014-06-13T13:09:15Z">
          <reporter-output>
          </reporter-output>
        </test-method> <!-- test2 -->
        <test-method status="PASS" signature="afterTest()[pri:0, instance:tubesRkppl.testNG.KelasA@7535942c]" name="afterTest" is-config="true" duration-ms="1" started-at="2014-06-13T13:09:15Z" finished-at="2014-06-13T13:09:15Z">
          <reporter-output>
          </reporter-output>
        </test-method> <!-- afterTest -->
      </class> <!-- tubesRkppl.testNG.KelasA -->
    </test> <!-- Default test -->
  </suite> <!-- Default suite -->
</testng-results>
